  main.cpp
  AppDelegate.cpp
C:\Program Files (x86)\Microsoft Visual Studio\2017\Enterprise\VC\Tools\MSVC\14.11.25503\include\xlocale(314): warning C4530: C++ exception handler used, but unwind semantics are not enabled. Specify /EHsc (compiling source file main.cpp)
C:\Program Files (x86)\Microsoft Visual Studio\2017\Enterprise\VC\Tools\MSVC\14.11.25503\include\xlocale(314): warning C4530: C++ exception handler used, but unwind semantics are not enabled. Specify /EHsc (compiling source file ..\Classes\AppDelegate.cpp)
C:\Program Files (x86)\Microsoft Visual Studio\2017\Enterprise\VC\Tools\MSVC\14.11.25503\include\type_traits(2342): warning C4577: 'noexcept' used with no exception handling mode specified; termination on exception is not guaranteed. Specify /EHsc (compiling source file main.cpp)
C:\Program Files (x86)\Microsoft Visual Studio\2017\Enterprise\VC\Tools\MSVC\14.11.25503\include\type_traits(2342): warning C4577: 'noexcept' used with no exception handling mode specified; termination on exception is not guaranteed. Specify /EHsc (compiling source file ..\Classes\AppDelegate.cpp)
  libchipmunk-2015.lib(cpArbiter.obj) : MSIL .netmodule or module compiled with /GL found; restarting link with /LTCG; add /LTCG to the link command line to improve linker performance
     Creating library C:\Users\zero\Desktop\gitProject\Parkour-cocos2dx-js-v3.16\Parkour\frameworks\runtime-src\proj.win32\Release.win32\Parkour.lib and object C:\Users\zero\Desktop\gitProject\Parkour-cocos2dx-js-v3.16\Parkour\frameworks\runtime-src\proj.win32\Release.win32\Parkour.exp
  Generating code
  Finished generating code
libchipmunk-2015.lib(cpArbiter.obj) : warning LNK4099: PDB 'chipmunk.pdb' was not found with 'libchipmunk-2015.lib(cpArbiter.obj)' or at 'C:\Users\zero\Desktop\gitProject\Parkour-cocos2dx-js-v3.16\Parkour\frameworks\runtime-src\proj.win32\Release.win32\chipmunk.pdb'; linking object as if no debug info
libchipmunk-2015.lib(cpBody.obj) : warning LNK4099: PDB 'chipmunk.pdb' was not found with 'libchipmunk-2015.lib(cpBody.obj)' or at 'C:\Users\zero\Desktop\gitProject\Parkour-cocos2dx-js-v3.16\Parkour\frameworks\runtime-src\proj.win32\Release.win32\chipmunk.pdb'; linking object as if no debug info
libchipmunk-2015.lib(cpSpaceComponent.obj) : warning LNK4099: PDB 'chipmunk.pdb' was not found with 'libchipmunk-2015.lib(cpSpaceComponent.obj)' or at 'C:\Users\zero\Desktop\gitProject\Parkour-cocos2dx-js-v3.16\Parkour\frameworks\runtime-src\proj.win32\Release.win32\chipmunk.pdb'; linking object as if no debug info
libchipmunk-2015.lib(cpShape.obj) : warning LNK4099: PDB 'chipmunk.pdb' was not found with 'libchipmunk-2015.lib(cpShape.obj)' or at 'C:\Users\zero\Desktop\gitProject\Parkour-cocos2dx-js-v3.16\Parkour\frameworks\runtime-src\proj.win32\Release.win32\chipmunk.pdb'; linking object as if no debug info
libchipmunk-2015.lib(cpPolyShape.obj) : warning LNK4099: PDB 'chipmunk.pdb' was not found with 'libchipmunk-2015.lib(cpPolyShape.obj)' or at 'C:\Users\zero\Desktop\gitProject\Parkour-cocos2dx-js-v3.16\Parkour\frameworks\runtime-src\proj.win32\Release.win32\chipmunk.pdb'; linking object as if no debug info
libchipmunk-2015.lib(cpConstraint.obj) : warning LNK4099: PDB 'chipmunk.pdb' was not found with 'libchipmunk-2015.lib(cpConstraint.obj)' or at 'C:\Users\zero\Desktop\gitProject\Parkour-cocos2dx-js-v3.16\Parkour\frameworks\runtime-src\proj.win32\Release.win32\chipmunk.pdb'; linking object as if no debug info
libchipmunk-2015.lib(cpPinJoint.obj) : warning LNK4099: PDB 'chipmunk.pdb' was not found with 'libchipmunk-2015.lib(cpPinJoint.obj)' or at 'C:\Users\zero\Desktop\gitProject\Parkour-cocos2dx-js-v3.16\Parkour\frameworks\runtime-src\proj.win32\Release.win32\chipmunk.pdb'; linking object as if no debug info
libchipmunk-2015.lib(cpSlideJoint.obj) : warning LNK4099: PDB 'chipmunk.pdb' was not found with 'libchipmunk-2015.lib(cpSlideJoint.obj)' or at 'C:\Users\zero\Desktop\gitProject\Parkour-cocos2dx-js-v3.16\Parkour\frameworks\runtime-src\proj.win32\Release.win32\chipmunk.pdb'; linking object as if no debug info
libchipmunk-2015.lib(cpPivotJoint.obj) : warning LNK4099: PDB 'chipmunk.pdb' was not found with 'libchipmunk-2015.lib(cpPivotJoint.obj)' or at 'C:\Users\zero\Desktop\gitProject\Parkour-cocos2dx-js-v3.16\Parkour\frameworks\runtime-src\proj.win32\Release.win32\chipmunk.pdb'; linking object as if no debug info
libchipmunk-2015.lib(cpGrooveJoint.obj) : warning LNK4099: PDB 'chipmunk.pdb' was not found with 'libchipmunk-2015.lib(cpGrooveJoint.obj)' or at 'C:\Users\zero\Desktop\gitProject\Parkour-cocos2dx-js-v3.16\Parkour\frameworks\runtime-src\proj.win32\Release.win32\chipmunk.pdb'; linking object as if no debug info
libchipmunk-2015.lib(cpDampedSpring.obj) : warning LNK4099: PDB 'chipmunk.pdb' was not found with 'libchipmunk-2015.lib(cpDampedSpring.obj)' or at 'C:\Users\zero\Desktop\gitProject\Parkour-cocos2dx-js-v3.16\Parkour\frameworks\runtime-src\proj.win32\Release.win32\chipmunk.pdb'; linking object as if no debug info
libchipmunk-2015.lib(cpDampedRotarySpring.obj) : warning LNK4099: PDB 'chipmunk.pdb' was not found with 'libchipmunk-2015.lib(cpDampedRotarySpring.obj)' or at 'C:\Users\zero\Desktop\gitProject\Parkour-cocos2dx-js-v3.16\Parkour\frameworks\runtime-src\proj.win32\Release.win32\chipmunk.pdb'; linking object as if no debug info
libchipmunk-2015.lib(cpRotaryLimitJoint.obj) : warning LNK4099: PDB 'chipmunk.pdb' was not found with 'libchipmunk-2015.lib(cpRotaryLimitJoint.obj)' or at 'C:\Users\zero\Desktop\gitProject\Parkour-cocos2dx-js-v3.16\Parkour\frameworks\runtime-src\proj.win32\Release.win32\chipmunk.pdb'; linking object as if no debug info
libchipmunk-2015.lib(cpRatchetJoint.obj) : warning LNK4099: PDB 'chipmunk.pdb' was not found with 'libchipmunk-2015.lib(cpRatchetJoint.obj)' or at 'C:\Users\zero\Desktop\gitProject\Parkour-cocos2dx-js-v3.16\Parkour\frameworks\runtime-src\proj.win32\Release.win32\chipmunk.pdb'; linking object as if no debug info
libchipmunk-2015.lib(cpGearJoint.obj) : warning LNK4099: PDB 'chipmunk.pdb' was not found with 'libchipmunk-2015.lib(cpGearJoint.obj)' or at 'C:\Users\zero\Desktop\gitProject\Parkour-cocos2dx-js-v3.16\Parkour\frameworks\runtime-src\proj.win32\Release.win32\chipmunk.pdb'; linking object as if no debug info
libchipmunk-2015.lib(cpSimpleMotor.obj) : warning LNK4099: PDB 'chipmunk.pdb' was not found with 'libchipmunk-2015.lib(cpSimpleMotor.obj)' or at 'C:\Users\zero\Desktop\gitProject\Parkour-cocos2dx-js-v3.16\Parkour\frameworks\runtime-src\proj.win32\Release.win32\chipmunk.pdb'; linking object as if no debug info
libchipmunk-2015.lib(cpSpace.obj) : warning LNK4099: PDB 'chipmunk.pdb' was not found with 'libchipmunk-2015.lib(cpSpace.obj)' or at 'C:\Users\zero\Desktop\gitProject\Parkour-cocos2dx-js-v3.16\Parkour\frameworks\runtime-src\proj.win32\Release.win32\chipmunk.pdb'; linking object as if no debug info
libchipmunk-2015.lib(cpSpaceStep.obj) : warning LNK4099: PDB 'chipmunk.pdb' was not found with 'libchipmunk-2015.lib(cpSpaceStep.obj)' or at 'C:\Users\zero\Desktop\gitProject\Parkour-cocos2dx-js-v3.16\Parkour\frameworks\runtime-src\proj.win32\Release.win32\chipmunk.pdb'; linking object as if no debug info
libchipmunk-2015.lib(cpSpaceQuery.obj) : warning LNK4099: PDB 'chipmunk.pdb' was not found with 'libchipmunk-2015.lib(cpSpaceQuery.obj)' or at 'C:\Users\zero\Desktop\gitProject\Parkour-cocos2dx-js-v3.16\Parkour\frameworks\runtime-src\proj.win32\Release.win32\chipmunk.pdb'; linking object as if no debug info
libchipmunk-2015.lib(chipmunk.obj) : warning LNK4099: PDB 'chipmunk.pdb' was not found with 'libchipmunk-2015.lib(chipmunk.obj)' or at 'C:\Users\zero\Desktop\gitProject\Parkour-cocos2dx-js-v3.16\Parkour\frameworks\runtime-src\proj.win32\Release.win32\chipmunk.pdb'; linking object as if no debug info
libchipmunk-2015.lib(cpHashSet.obj) : warning LNK4099: PDB 'chipmunk.pdb' was not found with 'libchipmunk-2015.lib(cpHashSet.obj)' or at 'C:\Users\zero\Desktop\gitProject\Parkour-cocos2dx-js-v3.16\Parkour\frameworks\runtime-src\proj.win32\Release.win32\chipmunk.pdb'; linking object as if no debug info
libchipmunk-2015.lib(cpArray.obj) : warning LNK4099: PDB 'chipmunk.pdb' was not found with 'libchipmunk-2015.lib(cpArray.obj)' or at 'C:\Users\zero\Desktop\gitProject\Parkour-cocos2dx-js-v3.16\Parkour\frameworks\runtime-src\proj.win32\Release.win32\chipmunk.pdb'; linking object as if no debug info
libchipmunk-2015.lib(cpCollision.obj) : warning LNK4099: PDB 'chipmunk.pdb' was not found with 'libchipmunk-2015.lib(cpCollision.obj)' or at 'C:\Users\zero\Desktop\gitProject\Parkour-cocos2dx-js-v3.16\Parkour\frameworks\runtime-src\proj.win32\Release.win32\chipmunk.pdb'; linking object as if no debug info
libchipmunk-2015.lib(cpBBTree.obj) : warning LNK4099: PDB 'chipmunk.pdb' was not found with 'libchipmunk-2015.lib(cpBBTree.obj)' or at 'C:\Users\zero\Desktop\gitProject\Parkour-cocos2dx-js-v3.16\Parkour\frameworks\runtime-src\proj.win32\Release.win32\chipmunk.pdb'; linking object as if no debug info
libchipmunk-2015.lib(cpSpaceHash.obj) : warning LNK4099: PDB 'chipmunk.pdb' was not found with 'libchipmunk-2015.lib(cpSpaceHash.obj)' or at 'C:\Users\zero\Desktop\gitProject\Parkour-cocos2dx-js-v3.16\Parkour\frameworks\runtime-src\proj.win32\Release.win32\chipmunk.pdb'; linking object as if no debug info
libchipmunk-2015.lib(cpSpatialIndex.obj) : warning LNK4099: PDB 'chipmunk.pdb' was not found with 'libchipmunk-2015.lib(cpSpatialIndex.obj)' or at 'C:\Users\zero\Desktop\gitProject\Parkour-cocos2dx-js-v3.16\Parkour\frameworks\runtime-src\proj.win32\Release.win32\chipmunk.pdb'; linking object as if no debug info
libchipmunk-2015.lib(cpRobust.obj) : warning LNK4099: PDB 'chipmunk.pdb' was not found with 'libchipmunk-2015.lib(cpRobust.obj)' or at 'C:\Users\zero\Desktop\gitProject\Parkour-cocos2dx-js-v3.16\Parkour\frameworks\runtime-src\proj.win32\Release.win32\chipmunk.pdb'; linking object as if no debug info
  Parkour.vcxproj -> C:\Users\zero\Desktop\gitProject\Parkour-cocos2dx-js-v3.16\Parkour\frameworks\runtime-src\proj.win32\Release.win32\Parkour.exe
  C:\Users\zero\Desktop\gitProject\Parkour-cocos2dx-js-v3.16\Parkour\frameworks\cocos2d-x\cocos\scripting\js-bindings\script\jsb.js -> C:\Users\zero\Desktop\gitProject\Parkour-cocos2dx-js-v3.16\Parkour\frameworks\runtime-src\proj.win32\Release.win32\script\jsb.js
  C:\Users\zero\Desktop\gitProject\Parkour-cocos2dx-js-v3.16\Parkour\frameworks\cocos2d-x\cocos\scripting\js-bindings\script\jsb_audioengine.js -> C:\Users\zero\Desktop\gitProject\Parkour-cocos2dx-js-v3.16\Parkour\frameworks\runtime-src\proj.win32\Release.win32\script\jsb_audioengine.js
  C:\Users\zero\Desktop\gitProject\Parkour-cocos2dx-js-v3.16\Parkour\frameworks\cocos2d-x\cocos\scripting\js-bindings\script\jsb_boot.js -> C:\Users\zero\Desktop\gitProject\Parkour-cocos2dx-js-v3.16\Parkour\frameworks\runtime-src\proj.win32\Release.win32\script\jsb_boot.js
  C:\Users\zero\Desktop\gitProject\Parkour-cocos2dx-js-v3.16\Parkour\frameworks\cocos2d-x\cocos\scripting\js-bindings\script\jsb_cocos2d.js -> C:\Users\zero\Desktop\gitProject\Parkour-cocos2dx-js-v3.16\Parkour\frameworks\runtime-src\proj.win32\Release.win32\script\jsb_cocos2d.js
  C:\Users\zero\Desktop\gitProject\Parkour-cocos2dx-js-v3.16\Parkour\frameworks\cocos2d-x\cocos\scripting\js-bindings\script\jsb_cocos2d_constants.js -> C:\Users\zero\Desktop\gitProject\Parkour-cocos2dx-js-v3.16\Parkour\frameworks\runtime-src\proj.win32\Release.win32\script\jsb_cocos2d_constants.js
  C:\Users\zero\Desktop\gitProject\Parkour-cocos2dx-js-v3.16\Parkour\frameworks\cocos2d-x\cocos\scripting\js-bindings\script\jsb_cocosbuilder.js -> C:\Users\zero\Desktop\gitProject\Parkour-cocos2dx-js-v3.16\Parkour\frameworks\runtime-src\proj.win32\Release.win32\script\jsb_cocosbuilder.js
  C:\Users\zero\Desktop\gitProject\Parkour-cocos2dx-js-v3.16\Parkour\frameworks\cocos2d-x\cocos\scripting\js-bindings\script\jsb_common.js -> C:\Users\zero\Desktop\gitProject\Parkour-cocos2dx-js-v3.16\Parkour\frameworks\runtime-src\proj.win32\Release.win32\script\jsb_common.js
  C:\Users\zero\Desktop\gitProject\Parkour-cocos2dx-js-v3.16\Parkour\frameworks\cocos2d-x\cocos\scripting\js-bindings\script\jsb_create_apis.js -> C:\Users\zero\Desktop\gitProject\Parkour-cocos2dx-js-v3.16\Parkour\frameworks\runtime-src\proj.win32\Release.win32\script\jsb_create_apis.js
  C:\Users\zero\Desktop\gitProject\Parkour-cocos2dx-js-v3.16\Parkour\frameworks\cocos2d-x\cocos\scripting\js-bindings\script\jsb_debugger.js -> C:\Users\zero\Desktop\gitProject\Parkour-cocos2dx-js-v3.16\Parkour\frameworks\runtime-src\proj.win32\Release.win32\script\jsb_debugger.js
  C:\Users\zero\Desktop\gitProject\Parkour-cocos2dx-js-v3.16\Parkour\frameworks\cocos2d-x\cocos\scripting\js-bindings\script\jsb_deprecated.js -> C:\Users\zero\Desktop\gitProject\Parkour-cocos2dx-js-v3.16\Parkour\frameworks\runtime-src\proj.win32\Release.win32\script\jsb_deprecated.js
  C:\Users\zero\Desktop\gitProject\Parkour-cocos2dx-js-v3.16\Parkour\frameworks\cocos2d-x\cocos\scripting\js-bindings\script\jsb_loaders.js -> C:\Users\zero\Desktop\gitProject\Parkour-cocos2dx-js-v3.16\Parkour\frameworks\runtime-src\proj.win32\Release.win32\script\jsb_loaders.js
  C:\Users\zero\Desktop\gitProject\Parkour-cocos2dx-js-v3.16\Parkour\frameworks\cocos2d-x\cocos\scripting\js-bindings\script\jsb_opengl.js -> C:\Users\zero\Desktop\gitProject\Parkour-cocos2dx-js-v3.16\Parkour\frameworks\runtime-src\proj.win32\Release.win32\script\jsb_opengl.js
  C:\Users\zero\Desktop\gitProject\Parkour-cocos2dx-js-v3.16\Parkour\frameworks\cocos2d-x\cocos\scripting\js-bindings\script\jsb_opengl_constants.js -> C:\Users\zero\Desktop\gitProject\Parkour-cocos2dx-js-v3.16\Parkour\frameworks\runtime-src\proj.win32\Release.win32\script\jsb_opengl_constants.js
  C:\Users\zero\Desktop\gitProject\Parkour-cocos2dx-js-v3.16\Parkour\frameworks\cocos2d-x\cocos\scripting\js-bindings\script\jsb_pool.js -> C:\Users\zero\Desktop\gitProject\Parkour-cocos2dx-js-v3.16\Parkour\frameworks\runtime-src\proj.win32\Release.win32\script\jsb_pool.js
  C:\Users\zero\Desktop\gitProject\Parkour-cocos2dx-js-v3.16\Parkour\frameworks\cocos2d-x\cocos\scripting\js-bindings\script\jsb_prepare.js -> C:\Users\zero\Desktop\gitProject\Parkour-cocos2dx-js-v3.16\Parkour\frameworks\runtime-src\proj.win32\Release.win32\script\jsb_prepare.js
  C:\Users\zero\Desktop\gitProject\Parkour-cocos2dx-js-v3.16\Parkour\frameworks\cocos2d-x\cocos\scripting\js-bindings\script\jsb_property_apis.js -> C:\Users\zero\Desktop\gitProject\Parkour-cocos2dx-js-v3.16\Parkour\frameworks\runtime-src\proj.win32\Release.win32\script\jsb_property_apis.js
  C:\Users\zero\Desktop\gitProject\Parkour-cocos2dx-js-v3.16\Parkour\frameworks\cocos2d-x\cocos\scripting\js-bindings\script\jsb_property_impls.js -> C:\Users\zero\Desktop\gitProject\Parkour-cocos2dx-js-v3.16\Parkour\frameworks\runtime-src\proj.win32\Release.win32\script\jsb_property_impls.js
  C:\Users\zero\Desktop\gitProject\Parkour-cocos2dx-js-v3.16\Parkour\frameworks\cocos2d-x\cocos\scripting\js-bindings\script\jsb_spine.js -> C:\Users\zero\Desktop\gitProject\Parkour-cocos2dx-js-v3.16\Parkour\frameworks\runtime-src\proj.win32\Release.win32\script\jsb_spine.js
  C:\Users\zero\Desktop\gitProject\Parkour-cocos2dx-js-v3.16\Parkour\frameworks\cocos2d-x\cocos\scripting\js-bindings\script\3d\jsb_cocos2d_3d.js -> C:\Users\zero\Desktop\gitProject\Parkour-cocos2dx-js-v3.16\Parkour\frameworks\runtime-src\proj.win32\Release.win32\script\3d\jsb_cocos2d_3d.js
  C:\Users\zero\Desktop\gitProject\Parkour-cocos2dx-js-v3.16\Parkour\frameworks\cocos2d-x\cocos\scripting\js-bindings\script\3d\jsb_cocos2d_3d_ext.js -> C:\Users\zero\Desktop\gitProject\Parkour-cocos2dx-js-v3.16\Parkour\frameworks\runtime-src\proj.win32\Release.win32\script\3d\jsb_cocos2d_3d_ext.js
  C:\Users\zero\Desktop\gitProject\Parkour-cocos2dx-js-v3.16\Parkour\frameworks\cocos2d-x\cocos\scripting\js-bindings\script\ccui\jsb_ccui_create_apis.js -> C:\Users\zero\Desktop\gitProject\Parkour-cocos2dx-js-v3.16\Parkour\frameworks\runtime-src\proj.win32\Release.win32\script\ccui\jsb_ccui_create_apis.js
  C:\Users\zero\Desktop\gitProject\Parkour-cocos2dx-js-v3.16\Parkour\frameworks\cocos2d-x\cocos\scripting\js-bindings\script\ccui\jsb_ccui_deprecated.js -> C:\Users\zero\Desktop\gitProject\Parkour-cocos2dx-js-v3.16\Parkour\frameworks\runtime-src\proj.win32\Release.win32\script\ccui\jsb_ccui_deprecated.js
  C:\Users\zero\Desktop\gitProject\Parkour-cocos2dx-js-v3.16\Parkour\frameworks\cocos2d-x\cocos\scripting\js-bindings\script\ccui\jsb_ccui_property_apis.js -> C:\Users\zero\Desktop\gitProject\Parkour-cocos2dx-js-v3.16\Parkour\frameworks\runtime-src\proj.win32\Release.win32\script\ccui\jsb_ccui_property_apis.js
  C:\Users\zero\Desktop\gitProject\Parkour-cocos2dx-js-v3.16\Parkour\frameworks\cocos2d-x\cocos\scripting\js-bindings\script\ccui\jsb_ccui_property_impls.js -> C:\Users\zero\Desktop\gitProject\Parkour-cocos2dx-js-v3.16\Parkour\frameworks\runtime-src\proj.win32\Release.win32\script\ccui\jsb_ccui_property_impls.js
  C:\Users\zero\Desktop\gitProject\Parkour-cocos2dx-js-v3.16\Parkour\frameworks\cocos2d-x\cocos\scripting\js-bindings\script\ccui\jsb_cocos2d_ui.js -> C:\Users\zero\Desktop\gitProject\Parkour-cocos2dx-js-v3.16\Parkour\frameworks\runtime-src\proj.win32\Release.win32\script\ccui\jsb_cocos2d_ui.js
  C:\Users\zero\Desktop\gitProject\Parkour-cocos2dx-js-v3.16\Parkour\frameworks\cocos2d-x\cocos\scripting\js-bindings\script\chipmunk\jsb_chipmunk.js -> C:\Users\zero\Desktop\gitProject\Parkour-cocos2dx-js-v3.16\Parkour\frameworks\runtime-src\proj.win32\Release.win32\script\chipmunk\jsb_chipmunk.js
  C:\Users\zero\Desktop\gitProject\Parkour-cocos2dx-js-v3.16\Parkour\frameworks\cocos2d-x\cocos\scripting\js-bindings\script\chipmunk\jsb_chipmunk_constants.js -> C:\Users\zero\Desktop\gitProject\Parkour-cocos2dx-js-v3.16\Parkour\frameworks\runtime-src\proj.win32\Release.win32\script\chipmunk\jsb_chipmunk_constants.js
  C:\Users\zero\Desktop\gitProject\Parkour-cocos2dx-js-v3.16\Parkour\frameworks\cocos2d-x\cocos\scripting\js-bindings\script\debugger\DevToolsUtils.js -> C:\Users\zero\Desktop\gitProject\Parkour-cocos2dx-js-v3.16\Parkour\frameworks\runtime-src\proj.win32\Release.win32\script\debugger\DevToolsUtils.js
  C:\Users\zero\Desktop\gitProject\Parkour-cocos2dx-js-v3.16\Parkour\frameworks\cocos2d-x\cocos\scripting\js-bindings\script\debugger\event-emitter.js -> C:\Users\zero\Desktop\gitProject\Parkour-cocos2dx-js-v3.16\Parkour\frameworks\runtime-src\proj.win32\Release.win32\script\debugger\event-emitter.js
  C:\Users\zero\Desktop\gitProject\Parkour-cocos2dx-js-v3.16\Parkour\frameworks\cocos2d-x\cocos\scripting\js-bindings\script\debugger\main.js -> C:\Users\zero\Desktop\gitProject\Parkour-cocos2dx-js-v3.16\Parkour\frameworks\runtime-src\proj.win32\Release.win32\script\debugger\main.js
  C:\Users\zero\Desktop\gitProject\Parkour-cocos2dx-js-v3.16\Parkour\frameworks\cocos2d-x\cocos\scripting\js-bindings\script\debugger\README.md -> C:\Users\zero\Desktop\gitProject\Parkour-cocos2dx-js-v3.16\Parkour\frameworks\runtime-src\proj.win32\Release.win32\script\debugger\README.md
  C:\Users\zero\Desktop\gitProject\Parkour-cocos2dx-js-v3.16\Parkour\frameworks\cocos2d-x\cocos\scripting\js-bindings\script\debugger\transport.js -> C:\Users\zero\Desktop\gitProject\Parkour-cocos2dx-js-v3.16\Parkour\frameworks\runtime-src\proj.win32\Release.win32\script\debugger\transport.js
  C:\Users\zero\Desktop\gitProject\Parkour-cocos2dx-js-v3.16\Parkour\frameworks\cocos2d-x\cocos\scripting\js-bindings\script\debugger\actors\common.js -> C:\Users\zero\Desktop\gitProject\Parkour-cocos2dx-js-v3.16\Parkour\frameworks\runtime-src\proj.win32\Release.win32\script\debugger\actors\common.js
  C:\Users\zero\Desktop\gitProject\Parkour-cocos2dx-js-v3.16\Parkour\frameworks\cocos2d-x\cocos\scripting\js-bindings\script\debugger\actors\object.js -> C:\Users\zero\Desktop\gitProject\Parkour-cocos2dx-js-v3.16\Parkour\frameworks\runtime-src\proj.win32\Release.win32\script\debugger\actors\object.js
  C:\Users\zero\Desktop\gitProject\Parkour-cocos2dx-js-v3.16\Parkour\frameworks\cocos2d-x\cocos\scripting\js-bindings\script\debugger\actors\root.js -> C:\Users\zero\Desktop\gitProject\Parkour-cocos2dx-js-v3.16\Parkour\frameworks\runtime-src\proj.win32\Release.win32\script\debugger\actors\root.js
  C:\Users\zero\Desktop\gitProject\Parkour-cocos2dx-js-v3.16\Parkour\frameworks\cocos2d-x\cocos\scripting\js-bindings\script\debugger\actors\script.js -> C:\Users\zero\Desktop\gitProject\Parkour-cocos2dx-js-v3.16\Parkour\frameworks\runtime-src\proj.win32\Release.win32\script\debugger\actors\script.js
  C:\Users\zero\Desktop\gitProject\Parkour-cocos2dx-js-v3.16\Parkour\frameworks\cocos2d-x\cocos\scripting\js-bindings\script\debugger\actors\webconsole.js -> C:\Users\zero\Desktop\gitProject\Parkour-cocos2dx-js-v3.16\Parkour\frameworks\runtime-src\proj.win32\Release.win32\script\debugger\actors\webconsole.js
  C:\Users\zero\Desktop\gitProject\Parkour-cocos2dx-js-v3.16\Parkour\frameworks\cocos2d-x\cocos\scripting\js-bindings\script\debugger\actors\utils\ScriptStore.js -> C:\Users\zero\Desktop\gitProject\Parkour-cocos2dx-js-v3.16\Parkour\frameworks\runtime-src\proj.win32\Release.win32\script\debugger\actors\utils\ScriptStore.js
  C:\Users\zero\Desktop\gitProject\Parkour-cocos2dx-js-v3.16\Parkour\frameworks\cocos2d-x\cocos\scripting\js-bindings\script\debugger\actors\utils\TabSources.js -> C:\Users\zero\Desktop\gitProject\Parkour-cocos2dx-js-v3.16\Parkour\frameworks\runtime-src\proj.win32\Release.win32\script\debugger\actors\utils\TabSources.js
  C:\Users\zero\Desktop\gitProject\Parkour-cocos2dx-js-v3.16\Parkour\frameworks\cocos2d-x\cocos\scripting\js-bindings\script\debugger\core\promise.js -> C:\Users\zero\Desktop\gitProject\Parkour-cocos2dx-js-v3.16\Parkour\frameworks\runtime-src\proj.win32\Release.win32\script\debugger\core\promise.js
  C:\Users\zero\Desktop\gitProject\Parkour-cocos2dx-js-v3.16\Parkour\frameworks\cocos2d-x\cocos\scripting\js-bindings\script\debugger\webconsole\utils.js -> C:\Users\zero\Desktop\gitProject\Parkour-cocos2dx-js-v3.16\Parkour\frameworks\runtime-src\proj.win32\Release.win32\script\debugger\webconsole\utils.js
  C:\Users\zero\Desktop\gitProject\Parkour-cocos2dx-js-v3.16\Parkour\frameworks\cocos2d-x\cocos\scripting\js-bindings\script\extension\jsb_cocos2d_extension.js -> C:\Users\zero\Desktop\gitProject\Parkour-cocos2dx-js-v3.16\Parkour\frameworks\runtime-src\proj.win32\Release.win32\script\extension\jsb_cocos2d_extension.js
  C:\Users\zero\Desktop\gitProject\Parkour-cocos2dx-js-v3.16\Parkour\frameworks\cocos2d-x\cocos\scripting\js-bindings\script\extension\jsb_ext_create_apis.js -> C:\Users\zero\Desktop\gitProject\Parkour-cocos2dx-js-v3.16\Parkour\frameworks\runtime-src\proj.win32\Release.win32\script\extension\jsb_ext_create_apis.js
  C:\Users\zero\Desktop\gitProject\Parkour-cocos2dx-js-v3.16\Parkour\frameworks\cocos2d-x\cocos\scripting\js-bindings\script\extension\jsb_ext_property_apis.js -> C:\Users\zero\Desktop\gitProject\Parkour-cocos2dx-js-v3.16\Parkour\frameworks\runtime-src\proj.win32\Release.win32\script\extension\jsb_ext_property_apis.js
  C:\Users\zero\Desktop\gitProject\Parkour-cocos2dx-js-v3.16\Parkour\frameworks\cocos2d-x\cocos\scripting\js-bindings\script\navmesh\jsb_navmesh.js -> C:\Users\zero\Desktop\gitProject\Parkour-cocos2dx-js-v3.16\Parkour\frameworks\runtime-src\proj.win32\Release.win32\script\navmesh\jsb_navmesh.js
  C:\Users\zero\Desktop\gitProject\Parkour-cocos2dx-js-v3.16\Parkour\frameworks\cocos2d-x\cocos\scripting\js-bindings\script\physics3d\jsb_physics3d.js -> C:\Users\zero\Desktop\gitProject\Parkour-cocos2dx-js-v3.16\Parkour\frameworks\runtime-src\proj.win32\Release.win32\script\physics3d\jsb_physics3d.js
  C:\Users\zero\Desktop\gitProject\Parkour-cocos2dx-js-v3.16\Parkour\frameworks\cocos2d-x\cocos\scripting\js-bindings\script\physicsSprite\jsb_physicsSprite.js -> C:\Users\zero\Desktop\gitProject\Parkour-cocos2dx-js-v3.16\Parkour\frameworks\runtime-src\proj.win32\Release.win32\script\physicsSprite\jsb_physicsSprite.js
  C:\Users\zero\Desktop\gitProject\Parkour-cocos2dx-js-v3.16\Parkour\frameworks\cocos2d-x\cocos\scripting\js-bindings\script\studio\jsb_cocos2d_studio.js -> C:\Users\zero\Desktop\gitProject\Parkour-cocos2dx-js-v3.16\Parkour\frameworks\runtime-src\proj.win32\Release.win32\script\studio\jsb_cocos2d_studio.js
  C:\Users\zero\Desktop\gitProject\Parkour-cocos2dx-js-v3.16\Parkour\frameworks\cocos2d-x\cocos\scripting\js-bindings\script\studio\jsb_studio_boot.js -> C:\Users\zero\Desktop\gitProject\Parkour-cocos2dx-js-v3.16\Parkour\frameworks\runtime-src\proj.win32\Release.win32\script\studio\jsb_studio_boot.js
  C:\Users\zero\Desktop\gitProject\Parkour-cocos2dx-js-v3.16\Parkour\frameworks\cocos2d-x\cocos\scripting\js-bindings\script\studio\jsb_studio_create_apis.js -> C:\Users\zero\Desktop\gitProject\Parkour-cocos2dx-js-v3.16\Parkour\frameworks\runtime-src\proj.win32\Release.win32\script\studio\jsb_studio_create_apis.js
  C:\Users\zero\Desktop\gitProject\Parkour-cocos2dx-js-v3.16\Parkour\frameworks\cocos2d-x\cocos\scripting\js-bindings\script\studio\jsb_studio_load.js -> C:\Users\zero\Desktop\gitProject\Parkour-cocos2dx-js-v3.16\Parkour\frameworks\runtime-src\proj.win32\Release.win32\script\studio\jsb_studio_load.js
  C:\Users\zero\Desktop\gitProject\Parkour-cocos2dx-js-v3.16\Parkour\frameworks\cocos2d-x\cocos\scripting\js-bindings\script\studio\jsb_studio_property_apis.js -> C:\Users\zero\Desktop\gitProject\Parkour-cocos2dx-js-v3.16\Parkour\frameworks\runtime-src\proj.win32\Release.win32\script\studio\jsb_studio_property_apis.js
  C:\Users\zero\Desktop\gitProject\Parkour-cocos2dx-js-v3.16\Parkour\frameworks\cocos2d-x\cocos\scripting\js-bindings\script\studio\parsers\action-1.x.js -> C:\Users\zero\Desktop\gitProject\Parkour-cocos2dx-js-v3.16\Parkour\frameworks\runtime-src\proj.win32\Release.win32\script\studio\parsers\action-1.x.js
  C:\Users\zero\Desktop\gitProject\Parkour-cocos2dx-js-v3.16\Parkour\frameworks\cocos2d-x\cocos\scripting\js-bindings\script\studio\parsers\action-2.x.js -> C:\Users\zero\Desktop\gitProject\Parkour-cocos2dx-js-v3.16\Parkour\frameworks\runtime-src\proj.win32\Release.win32\script\studio\parsers\action-2.x.js
  C:\Users\zero\Desktop\gitProject\Parkour-cocos2dx-js-v3.16\Parkour\frameworks\cocos2d-x\cocos\scripting\js-bindings\script\studio\parsers\compatible.js -> C:\Users\zero\Desktop\gitProject\Parkour-cocos2dx-js-v3.16\Parkour\frameworks\runtime-src\proj.win32\Release.win32\script\studio\parsers\compatible.js
  C:\Users\zero\Desktop\gitProject\Parkour-cocos2dx-js-v3.16\Parkour\frameworks\cocos2d-x\cocos\scripting\js-bindings\script\studio\parsers\scene-1.x.js -> C:\Users\zero\Desktop\gitProject\Parkour-cocos2dx-js-v3.16\Parkour\frameworks\runtime-src\proj.win32\Release.win32\script\studio\parsers\scene-1.x.js
  C:\Users\zero\Desktop\gitProject\Parkour-cocos2dx-js-v3.16\Parkour\frameworks\cocos2d-x\cocos\scripting\js-bindings\script\studio\parsers\timelineParser-1.x.js -> C:\Users\zero\Desktop\gitProject\Parkour-cocos2dx-js-v3.16\Parkour\frameworks\runtime-src\proj.win32\Release.win32\script\studio\parsers\timelineParser-1.x.js
  C:\Users\zero\Desktop\gitProject\Parkour-cocos2dx-js-v3.16\Parkour\frameworks\cocos2d-x\cocos\scripting\js-bindings\script\studio\parsers\timelineParser-2.x.js -> C:\Users\zero\Desktop\gitProject\Parkour-cocos2dx-js-v3.16\Parkour\frameworks\runtime-src\proj.win32\Release.win32\script\studio\parsers\timelineParser-2.x.js
  C:\Users\zero\Desktop\gitProject\Parkour-cocos2dx-js-v3.16\Parkour\frameworks\cocos2d-x\cocos\scripting\js-bindings\script\studio\parsers\uiParser-1.x.js -> C:\Users\zero\Desktop\gitProject\Parkour-cocos2dx-js-v3.16\Parkour\frameworks\runtime-src\proj.win32\Release.win32\script\studio\parsers\uiParser-1.x.js
  59 File(s) copied
  C:\Users\zero\Desktop\gitProject\Parkour-cocos2dx-js-v3.16\Parkour\src\animationLayer.js -> C:\Users\zero\Desktop\gitProject\Parkour-cocos2dx-js-v3.16\Parkour\frameworks\runtime-src\proj.win32\Release.win32\src\animationLayer.js
  C:\Users\zero\Desktop\gitProject\Parkour-cocos2dx-js-v3.16\Parkour\src\app.js -> C:\Users\zero\Desktop\gitProject\Parkour-cocos2dx-js-v3.16\Parkour\frameworks\runtime-src\proj.win32\Release.win32\src\app.js
  C:\Users\zero\Desktop\gitProject\Parkour-cocos2dx-js-v3.16\Parkour\src\backgroundLayer.js -> C:\Users\zero\Desktop\gitProject\Parkour-cocos2dx-js-v3.16\Parkour\frameworks\runtime-src\proj.win32\Release.win32\src\backgroundLayer.js
  C:\Users\zero\Desktop\gitProject\Parkour-cocos2dx-js-v3.16\Parkour\src\coin.js -> C:\Users\zero\Desktop\gitProject\Parkour-cocos2dx-js-v3.16\Parkour\frameworks\runtime-src\proj.win32\Release.win32\src\coin.js
  C:\Users\zero\Desktop\gitProject\Parkour-cocos2dx-js-v3.16\Parkour\src\GameOverLayer.js -> C:\Users\zero\Desktop\gitProject\Parkour-cocos2dx-js-v3.16\Parkour\frameworks\runtime-src\proj.win32\Release.win32\src\GameOverLayer.js
  C:\Users\zero\Desktop\gitProject\Parkour-cocos2dx-js-v3.16\Parkour\src\global.js -> C:\Users\zero\Desktop\gitProject\Parkour-cocos2dx-js-v3.16\Parkour\frameworks\runtime-src\proj.win32\Release.win32\src\global.js
  C:\Users\zero\Desktop\gitProject\Parkour-cocos2dx-js-v3.16\Parkour\src\playScene.js -> C:\Users\zero\Desktop\gitProject\Parkour-cocos2dx-js-v3.16\Parkour\frameworks\runtime-src\proj.win32\Release.win32\src\playScene.js
  C:\Users\zero\Desktop\gitProject\Parkour-cocos2dx-js-v3.16\Parkour\src\resource.js -> C:\Users\zero\Desktop\gitProject\Parkour-cocos2dx-js-v3.16\Parkour\frameworks\runtime-src\proj.win32\Release.win32\src\resource.js
  C:\Users\zero\Desktop\gitProject\Parkour-cocos2dx-js-v3.16\Parkour\src\rock.js -> C:\Users\zero\Desktop\gitProject\Parkour-cocos2dx-js-v3.16\Parkour\frameworks\runtime-src\proj.win32\Release.win32\src\rock.js
  C:\Users\zero\Desktop\gitProject\Parkour-cocos2dx-js-v3.16\Parkour\src\statusLayer.js -> C:\Users\zero\Desktop\gitProject\Parkour-cocos2dx-js-v3.16\Parkour\frameworks\runtime-src\proj.win32\Release.win32\src\statusLayer.js
  10 File(s) copied
  C:\Users\zero\Desktop\gitProject\Parkour-cocos2dx-js-v3.16\Parkour\res\.DS_Store -> C:\Users\zero\Desktop\gitProject\Parkour-cocos2dx-js-v3.16\Parkour\frameworks\runtime-src\proj.win32\Release.win32\res\.DS_Store
  C:\Users\zero\Desktop\gitProject\Parkour-cocos2dx-js-v3.16\Parkour\res\background.plist -> C:\Users\zero\Desktop\gitProject\Parkour-cocos2dx-js-v3.16\Parkour\frameworks\runtime-src\proj.win32\Release.win32\res\background.plist
  C:\Users\zero\Desktop\gitProject\Parkour-cocos2dx-js-v3.16\Parkour\res\background.png -> C:\Users\zero\Desktop\gitProject\Parkour-cocos2dx-js-v3.16\Parkour\frameworks\runtime-src\proj.win32\Release.win32\res\background.png
  C:\Users\zero\Desktop\gitProject\Parkour-cocos2dx-js-v3.16\Parkour\res\favicon.ico -> C:\Users\zero\Desktop\gitProject\Parkour-cocos2dx-js-v3.16\Parkour\frameworks\runtime-src\proj.win32\Release.win32\res\favicon.ico
  C:\Users\zero\Desktop\gitProject\Parkour-cocos2dx-js-v3.16\Parkour\res\helloBG.png -> C:\Users\zero\Desktop\gitProject\Parkour-cocos2dx-js-v3.16\Parkour\frameworks\runtime-src\proj.win32\Release.win32\res\helloBG.png
  C:\Users\zero\Desktop\gitProject\Parkour-cocos2dx-js-v3.16\Parkour\res\map.png -> C:\Users\zero\Desktop\gitProject\Parkour-cocos2dx-js-v3.16\Parkour\frameworks\runtime-src\proj.win32\Release.win32\res\map.png
  C:\Users\zero\Desktop\gitProject\Parkour-cocos2dx-js-v3.16\Parkour\res\map00.tmx -> C:\Users\zero\Desktop\gitProject\Parkour-cocos2dx-js-v3.16\Parkour\frameworks\runtime-src\proj.win32\Release.win32\res\map00.tmx
  C:\Users\zero\Desktop\gitProject\Parkour-cocos2dx-js-v3.16\Parkour\res\map01.tmx -> C:\Users\zero\Desktop\gitProject\Parkour-cocos2dx-js-v3.16\Parkour\frameworks\runtime-src\proj.win32\Release.win32\res\map01.tmx
  C:\Users\zero\Desktop\gitProject\Parkour-cocos2dx-js-v3.16\Parkour\res\PlayBG.png -> C:\Users\zero\Desktop\gitProject\Parkour-cocos2dx-js-v3.16\Parkour\frameworks\runtime-src\proj.win32\Release.win32\res\PlayBG.png
  C:\Users\zero\Desktop\gitProject\Parkour-cocos2dx-js-v3.16\Parkour\res\restart_n.png -> C:\Users\zero\Desktop\gitProject\Parkour-cocos2dx-js-v3.16\Parkour\frameworks\runtime-src\proj.win32\Release.win32\res\restart_n.png
  C:\Users\zero\Desktop\gitProject\Parkour-cocos2dx-js-v3.16\Parkour\res\restart_s.png -> C:\Users\zero\Desktop\gitProject\Parkour-cocos2dx-js-v3.16\Parkour\frameworks\runtime-src\proj.win32\Release.win32\res\restart_s.png
  C:\Users\zero\Desktop\gitProject\Parkour-cocos2dx-js-v3.16\Parkour\res\runner.png -> C:\Users\zero\Desktop\gitProject\Parkour-cocos2dx-js-v3.16\Parkour\frameworks\runtime-src\proj.win32\Release.win32\res\runner.png
  C:\Users\zero\Desktop\gitProject\Parkour-cocos2dx-js-v3.16\Parkour\res\running.plist -> C:\Users\zero\Desktop\gitProject\Parkour-cocos2dx-js-v3.16\Parkour\frameworks\runtime-src\proj.win32\Release.win32\res\running.plist
  C:\Users\zero\Desktop\gitProject\Parkour-cocos2dx-js-v3.16\Parkour\res\running.png -> C:\Users\zero\Desktop\gitProject\Parkour-cocos2dx-js-v3.16\Parkour\frameworks\runtime-src\proj.win32\Release.win32\res\running.png
  C:\Users\zero\Desktop\gitProject\Parkour-cocos2dx-js-v3.16\Parkour\res\start_n.png -> C:\Users\zero\Desktop\gitProject\Parkour-cocos2dx-js-v3.16\Parkour\frameworks\runtime-src\proj.win32\Release.win32\res\start_n.png
  C:\Users\zero\Desktop\gitProject\Parkour-cocos2dx-js-v3.16\Parkour\res\start_s.png -> C:\Users\zero\Desktop\gitProject\Parkour-cocos2dx-js-v3.16\Parkour\frameworks\runtime-src\proj.win32\Release.win32\res\start_s.png
  C:\Users\zero\Desktop\gitProject\Parkour-cocos2dx-js-v3.16\Parkour\res\TexturePacker\runner0.png -> C:\Users\zero\Desktop\gitProject\Parkour-cocos2dx-js-v3.16\Parkour\frameworks\runtime-src\proj.win32\Release.win32\res\TexturePacker\runner0.png
  C:\Users\zero\Desktop\gitProject\Parkour-cocos2dx-js-v3.16\Parkour\res\TexturePacker\runner1.png -> C:\Users\zero\Desktop\gitProject\Parkour-cocos2dx-js-v3.16\Parkour\frameworks\runtime-src\proj.win32\Release.win32\res\TexturePacker\runner1.png
  C:\Users\zero\Desktop\gitProject\Parkour-cocos2dx-js-v3.16\Parkour\res\TexturePacker\runner2.png -> C:\Users\zero\Desktop\gitProject\Parkour-cocos2dx-js-v3.16\Parkour\frameworks\runtime-src\proj.win32\Release.win32\res\TexturePacker\runner2.png
  C:\Users\zero\Desktop\gitProject\Parkour-cocos2dx-js-v3.16\Parkour\res\TexturePacker\runner3.png -> C:\Users\zero\Desktop\gitProject\Parkour-cocos2dx-js-v3.16\Parkour\frameworks\runtime-src\proj.win32\Release.win32\res\TexturePacker\runner3.png
  C:\Users\zero\Desktop\gitProject\Parkour-cocos2dx-js-v3.16\Parkour\res\TexturePacker\runner4.png -> C:\Users\zero\Desktop\gitProject\Parkour-cocos2dx-js-v3.16\Parkour\frameworks\runtime-src\proj.win32\Release.win32\res\TexturePacker\runner4.png
  C:\Users\zero\Desktop\gitProject\Parkour-cocos2dx-js-v3.16\Parkour\res\TexturePacker\runner5.png -> C:\Users\zero\Desktop\gitProject\Parkour-cocos2dx-js-v3.16\Parkour\frameworks\runtime-src\proj.win32\Release.win32\res\TexturePacker\runner5.png
  C:\Users\zero\Desktop\gitProject\Parkour-cocos2dx-js-v3.16\Parkour\res\TexturePacker\runner6.png -> C:\Users\zero\Desktop\gitProject\Parkour-cocos2dx-js-v3.16\Parkour\frameworks\runtime-src\proj.win32\Release.win32\res\TexturePacker\runner6.png
  C:\Users\zero\Desktop\gitProject\Parkour-cocos2dx-js-v3.16\Parkour\res\TexturePacker\runner7.png -> C:\Users\zero\Desktop\gitProject\Parkour-cocos2dx-js-v3.16\Parkour\frameworks\runtime-src\proj.win32\Release.win32\res\TexturePacker\runner7.png
  C:\Users\zero\Desktop\gitProject\Parkour-cocos2dx-js-v3.16\Parkour\res\TexturePacker\coins and rocks\coin0.png -> C:\Users\zero\Desktop\gitProject\Parkour-cocos2dx-js-v3.16\Parkour\frameworks\runtime-src\proj.win32\Release.win32\res\TexturePacker\coins and rocks\coin0.png
  C:\Users\zero\Desktop\gitProject\Parkour-cocos2dx-js-v3.16\Parkour\res\TexturePacker\coins and rocks\coin1.png -> C:\Users\zero\Desktop\gitProject\Parkour-cocos2dx-js-v3.16\Parkour\frameworks\runtime-src\proj.win32\Release.win32\res\TexturePacker\coins and rocks\coin1.png
  C:\Users\zero\Desktop\gitProject\Parkour-cocos2dx-js-v3.16\Parkour\res\TexturePacker\coins and rocks\coin2.png -> C:\Users\zero\Desktop\gitProject\Parkour-cocos2dx-js-v3.16\Parkour\frameworks\runtime-src\proj.win32\Release.win32\res\TexturePacker\coins and rocks\coin2.png
  C:\Users\zero\Desktop\gitProject\Parkour-cocos2dx-js-v3.16\Parkour\res\TexturePacker\coins and rocks\coin3.png -> C:\Users\zero\Desktop\gitProject\Parkour-cocos2dx-js-v3.16\Parkour\frameworks\runtime-src\proj.win32\Release.win32\res\TexturePacker\coins and rocks\coin3.png
  C:\Users\zero\Desktop\gitProject\Parkour-cocos2dx-js-v3.16\Parkour\res\TexturePacker\coins and rocks\coin4.png -> C:\Users\zero\Desktop\gitProject\Parkour-cocos2dx-js-v3.16\Parkour\frameworks\runtime-src\proj.win32\Release.win32\res\TexturePacker\coins and rocks\coin4.png
  C:\Users\zero\Desktop\gitProject\Parkour-cocos2dx-js-v3.16\Parkour\res\TexturePacker\coins and rocks\coin5.png -> C:\Users\zero\Desktop\gitProject\Parkour-cocos2dx-js-v3.16\Parkour\frameworks\runtime-src\proj.win32\Release.win32\res\TexturePacker\coins and rocks\coin5.png
  C:\Users\zero\Desktop\gitProject\Parkour-cocos2dx-js-v3.16\Parkour\res\TexturePacker\coins and rocks\coin6.png -> C:\Users\zero\Desktop\gitProject\Parkour-cocos2dx-js-v3.16\Parkour\frameworks\runtime-src\proj.win32\Release.win32\res\TexturePacker\coins and rocks\coin6.png
  C:\Users\zero\Desktop\gitProject\Parkour-cocos2dx-js-v3.16\Parkour\res\TexturePacker\coins and rocks\coin7.png -> C:\Users\zero\Desktop\gitProject\Parkour-cocos2dx-js-v3.16\Parkour\frameworks\runtime-src\proj.win32\Release.win32\res\TexturePacker\coins and rocks\coin7.png
  C:\Users\zero\Desktop\gitProject\Parkour-cocos2dx-js-v3.16\Parkour\res\TexturePacker\coins and rocks\rock.png -> C:\Users\zero\Desktop\gitProject\Parkour-cocos2dx-js-v3.16\Parkour\frameworks\runtime-src\proj.win32\Release.win32\res\TexturePacker\coins and rocks\rock.png
  33 File(s) copied
          1 file(s) copied.
          1 file(s) copied.
